[    0.000000] Initializing cgroup subsys cpuset
[    0.000000] Initializing cgroup subsys cpu
[    0.000000] Initializing cgroup subsys cpuacct
[    0.000000] Linux version 4.4.0-141-generic (buildd@lcy01-amd64-006) (gcc version 5.4.0 20160609 (Ubuntu 5.4.0-6ubuntu1~16.04.10) ) #167-Ubuntu SMP Wed Dec 5 10:40:15 UTC 2018 (Ubuntu 4.4.0-141.167-generic 4.4.162)
[    0.000000] Command line: BOOT_IMAGE=/boot/vmlinuz-4.4.0-141-generic root=UUID=2599847e-b1d0-4013-a357-9739570da0b9 ro console=tty1 console=ttyS0
[    0.000000] KERNEL supported cpus:
[    0.000000]   Intel GenuineIntel
[    0.000000]   AMD AuthenticAMD
[    0.000000]   Centaur CentaurHauls
[    0.000000] x86/fpu: xstate_offset[2]:  576, xstate_sizes[2]:  256
[    0.000000] x86/fpu: Supporting XSAVE feature 0x01: 'x87 floating point registers'
[    0.000000] x86/fpu: Supporting XSAVE feature 0x02: 'SSE registers'
[    0.000000] x86/fpu: Supporting XSAVE feature 0x04: 'AVX registers'
[    0.000000] x86/fpu: Enabled xstate features 0x7, context size is 832 bytes, using 'standard' format.
[    0.000000] e820: BIOS-provided physical RAM map:
[    0.000000] BIOS-e820: [mem 0x0000000000000000-0x000000000009fbff] usable
[    0.000000] BIOS-e820: [mem 0x000000000009fc00-0x000000000009ffff] reserved
[    0.000000] BIOS-e820: [mem 0x00000000000f0000-0x00000000000fffff] reserved
[    0.000000] BIOS-e820: [mem 0x0000000000100000-0x000000003ffeffff] usable
[    0.000000] BIOS-e820: [mem 0x000000003fff0000-0x000000003fffffff] ACPI data
[    0.000000] BIOS-e820: [mem 0x00000000fec00000-0x00000000fec00fff] reserved
[    0.000000] BIOS-e820: [mem 0x00000000fee00000-0x00000000fee00fff] reserved
[    0.000000] BIOS-e820: [mem 0x00000000fffc0000-0x00000000ffffffff] reserved
[    0.000000] NX (Execute Disable) protection: active
[    0.000000] SMBIOS 2.5 present.
[    0.000000] Hypervisor detected: KVM
[    0.000000] e820: last_pfn = 0x3fff0 max_arch_pfn = 0x400000000
[    0.000000] MTRR: Disabled
[    0.000000] x86/PAT: MTRRs disabled, skipping PAT initialization too.
[    0.000000] CPU MTRRs all blank - virtualized system.
[    0.000000] x86/PAT: Configuration [0-7]: WB  WT  UC- UC  WB  WT  UC- UC  
[    0.000000] found SMP MP-table at [mem 0x0009fff0-0x0009ffff] mapped at [ffff88000009fff0]
[    0.000000] Scanning 1 areas for low memory corruption
[    0.000000] RAMDISK: [mem 0x361ea000-0x370ecfff]
[    0.000000] ACPI: Early table checksum verification disabled
[    0.000000] ACPI: RSDP 0x00000000000E0000 000024 (v02 VBOX  )
[    0.000000] ACPI: XSDT 0x000000003FFF0030 00003C (v01 VBOX   VBOXXSDT 00000001 ASL  00000061)
[    0.000000] ACPI: FACP 0x000000003FFF00F0 0000F4 (v04 VBOX   VBOXFACP 00000001 ASL  00000061)
[    0.000000] ACPI: DSDT 0x000000003FFF0470 0021C8 (v02 VBOX   VBOXBIOS 00000002 INTL 20100528)
[    0.000000] ACPI: FACS 0x000000003FFF0200 000040
[    0.000000] ACPI: FACS 0x000000003FFF0200 000040
[    0.000000] ACPI: APIC 0x000000003FFF0240 00005C (v02 VBOX   VBOXAPIC 00000001 ASL  00000061)
[    0.000000] ACPI: SSDT 0x000000003FFF02A0 0001CC (v01 VBOX   VBOXCPUT 00000002 INTL 20100528)
[    0.000000] No NUMA configuration found
[    0.000000] Faking a node at [mem 0x0000000000000000-0x000000003ffeffff]
[    0.000000] NODE_DATA(0) allocated [mem 0x3ffeb000-0x3ffeffff]
[    0.000000] kvm-clock: Using msrs 4b564d01 and 4b564d00
[    0.000000] kvm-clock: cpu 0, msr 0:3ffe3001, primary cpu clock
[    0.000000] kvm-clock: using sched offset of 5210166809 cycles
[    0.000000] clocksource: kvm-clock: mask: 0xffffffffffffffff max_cycles: 0x1cd42e4dffb, max_idle_ns: 881590591483 ns
[    0.000000] Zone ranges:
[    0.000000]   DMA      [mem 0x0000000000001000-0x0000000000ffffff]
[    0.000000]   DMA32    [mem 0x0000000001000000-0x000000003ffeffff]
[    0.000000]   Normal   empty
[    0.000000]   Device   empty
[    0.000000] Movable zone start for each node
[    0.000000] Early memory node ranges
[    0.000000]   node   0: [mem 0x0000000000001000-0x000000000009efff]
[    0.000000]   node   0: [mem 0x0000000000100000-0x000000003ffeffff]
[    0.000000] Initmem setup node 0 [mem 0x0000000000001000-0x000000003ffeffff]
[    0.000000] ACPI: PM-Timer IO Port: 0x4008
[    0.000000] IOAPIC[0]: apic_id 2, version 32, address 0xfec00000, GSI 0-23
[    0.000000] ACPI: INT_SRC_OVR (bus 0 bus_irq 0 global_irq 2 dfl dfl)
[    0.000000] ACPI: INT_SRC_OVR (bus 0 bus_irq 9 global_irq 9 high level)
[    0.000000] Using ACPI (MADT) for SMP configuration information
[    0.000000] smpboot: Allowing 2 CPUs, 0 hotplug CPUs
[    0.000000] PM: Registered nosave memory: [mem 0x00000000-0x00000fff]
[    0.000000] PM: Registered nosave memory: [mem 0x0009f000-0x0009ffff]
[    0.000000] PM: Registered nosave memory: [mem 0x000a0000-0x000effff]
[    0.000000] PM: Registered nosave memory: [mem 0x000f0000-0x000fffff]
[    0.000000] e820: [mem 0x40000000-0xfebfffff] available for PCI devices
[    0.000000] Booting paravirtualized kernel on KVM
[    0.000000] clocksource: refined-jiffies: mask: 0xffffffff max_cycles: 0xffffffff, max_idle_ns: 7645519600211568 ns
[    0.000000] setup_percpu: NR_CPUS:512 nr_cpumask_bits:512 nr_cpu_ids:2 nr_node_ids:1
[    0.000000] PERCPU: Embedded 34 pages/cpu @ffff88003fc00000 s99608 r8192 d31464 u1048576
[    0.000000] PV qspinlock hash table entries: 256 (order: 0, 4096 bytes)
[    0.000000] Built 1 zonelists in Node order, mobility grouping on.  Total pages: 257912
[    0.000000] Policy zone: DMA32
[    0.000000] Kernel command line: BOOT_IMAGE=/boot/vmlinuz-4.4.0-141-generic root=UUID=2599847e-b1d0-4013-a357-9739570da0b9 ro console=tty1 console=ttyS0
[    0.000000] PID hash table entries: 4096 (order: 3, 32768 bytes)
[    0.000000] Memory: 997132K/1048120K available (8568K kernel code, 1314K rwdata, 4008K rodata, 1528K init, 1316K bss, 50988K reserved, 0K cma-reserved)
[    0.000000] SLUB: HWalign=64, Order=0-3, MinObjects=0, CPUs=2, Nodes=1
[    0.000000] Kernel/User page tables isolation: enabled
[    0.000000] Hierarchical RCU implementation.
[    0.000000] 	Build-time adjustment of leaf fanout to 64.
[    0.000000] 	RCU restricting CPUs from NR_CPUS=512 to nr_cpu_ids=2.
[    0.000000] RCU: Adjusting geometry for rcu_fanout_leaf=64, nr_cpu_ids=2
[    0.000000] NR_IRQS:33024 nr_irqs:440 16
[    0.000000] Console: colour VGA+ 80x25
[    0.000000] console [tty1] enabled
[    0.000000] console [ttyS0] enabled
[    0.000000] tsc: Detected 2594.000 MHz processor
[    1.340325] Calibrating delay loop (skipped) preset value.. 5188.00 BogoMIPS (lpj=10376000)
[    1.443803] pid_max: default: 32768 minimum: 301
[    1.484028] ACPI: Core revision 20150930
[    1.539474] ACPI: 2 ACPI AML tables successfully acquired and loaded
[    1.612933] Security Framework initialized
[    1.644436] Yama: becoming mindful.
[    1.682533] AppArmor: AppArmor initialized
[    1.693224] Dentry cache hash table entries: 131072 (order: 8, 1048576 bytes)
[    1.734972] Inode-cache hash table entries: 65536 (order: 7, 524288 bytes)
[    1.767065] Mount-cache hash table entries: 2048 (order: 2, 16384 bytes)
[    1.790794] Mountpoint-cache hash table entries: 2048 (order: 2, 16384 bytes)
[    1.799138] Initializing cgroup subsys io
[    1.808914] Initializing cgroup subsys memory
[    1.811269] Initializing cgroup subsys devices
[    1.838454] Initializing cgroup subsys freezer
[    1.844104] Initializing cgroup subsys net_cls
[    1.855446] Initializing cgroup subsys perf_event
[    1.857830] Initializing cgroup subsys net_prio
[    1.860195] Initializing cgroup subsys hugetlb
[    1.862480] Initializing cgroup subsys pids
[    1.868869] mce: CPU supports 0 MCE banks
[    1.871137] Last level iTLB entries: 4KB 1024, 2MB 1024, 4MB 1024
[    1.876028] Last level dTLB entries: 4KB 1024, 2MB 1024, 4MB 1024, 1GB 4
[    1.881295] Spectre V2 : Mitigation: Full generic retpoline
[    1.919471] Spectre V2 : Spectre v2 mitigation: Speculation control IBPB not-supported IBRS not-supported
[    1.955721] Spectre V2 : Spectre v2 / SpectreRSB mitigation: Filling RSB on context switch
[    1.960110] Speculative Store Bypass: Vulnerable
[    1.989359] Freeing SMP alternatives memory: 32K
[    2.067974] ftrace: allocating 32291 entries in 127 pages
[    2.213656] smpboot: APIC(0) Converting physical 0 to logical package 0
[    2.238337] smpboot: Max logical packages: 1
[    2.240964] x2apic enabled
[    2.243122] Switched APIC routing to physical x2apic.
[    2.254569] ..TIMER: vector=0x30 apic1=0 pin1=2 apic2=-1 pin2=-1
[    2.394324] smpboot: CPU0: Intel(R) Core(TM) i7-4510U CPU @ 2.00GHz (family: 0x6, model: 0x45, stepping: 0x1)
[    2.420753] Performance Events: unsupported p6 CPU model 69 no PMU driver, software events only.
[    2.451742] KVM setup paravirtual spinlock
[    2.479616] x86: Booting SMP configuration:
[    2.535816] .... node  #0, CPUs:      #1
[    2.568421] kvm-clock: cpu 1, msr 0:3ffe3041, secondary cpu clock
[    2.571244] mce: CPU supports 0 MCE banks
[    2.583078] x86: Booted up 1 node, 2 CPUs
[    2.616559] smpboot: Total of 2 processors activated (10376.00 BogoMIPS)
[    2.676530] devtmpfs: initialized
[    2.713744] evm: security.selinux
[    2.744688] evm: security.SMACK64
[    2.779034] evm: security.SMACK64EXEC
[    2.796705] evm: security.SMACK64TRANSMUTE
[    2.821376] evm: security.SMACK64MMAP
[    2.843675] evm: security.ima
[    2.845231] evm: security.capability
[    2.847285] clocksource: jiffies: mask: 0xffffffff max_cycles: 0xffffffff, max_idle_ns: 7645041785100000 ns
[    2.851331] futex hash table entries: 512 (order: 3, 32768 bytes)
[    2.853938] pinctrl core: initialized pinctrl subsystem
[    2.856324] RTC time: 15:49:51, date: 01/08/19
[    2.858526] NET: Registered protocol family 16
[    2.872870] cpuidle: using governor ladder
[    2.908987] cpuidle: using governor menu
[    2.920536] PCCT header not found.
[    2.922750] ACPI: bus type PCI registered
[    2.924938] acpiphp: ACPI Hot Plug PCI Controller Driver version: 0.5
[    2.931979] PCI: Using configuration type 1 for base access
[    2.950188] ACPI: Added _OSI(Module Device)
[    2.957997] ACPI: Added _OSI(Processor Device)
[    2.964047] ACPI: Added _OSI(3.0 _SCP Extensions)
[    2.966649] ACPI: Added _OSI(Processor Aggregator Device)
[    2.971887] ACPI: Executed 1 blocks of module-level executable AML code
[    2.990778] ACPI: Interpreter enabled
[    2.994180] ACPI: (supports S0 S5)
[    2.996110] ACPI: Using IOAPIC for interrupt routing
[    2.999188] PCI: Using host bridge windows from ACPI; if necessary, use "pci=nocrs" and report a bug
[    3.014928] ACPI: PCI Root Bridge [PCI0] (domain 0000 [bus 00-ff])
[    3.032915] acpi PNP0A03:00: _OSC: OS supports [ASPM ClockPM Segments MSI]
[    3.043494] acpi PNP0A03:00: _OSC failed (AE_NOT_FOUND); disabling ASPM
[    3.046022] acpi PNP0A03:00: fail to add MMCONFIG information, can't access extended PCI configuration space under this bridge.
[    3.097880] PCI host bridge to bus 0000:00
[    3.106892] pci_bus 0000:00: root bus resource [io  0x0000-0x0cf7 window]
[    3.109498] pci_bus 0000:00: root bus resource [io  0x0d00-0xffff window]
[    3.112054] pci_bus 0000:00: root bus resource [mem 0x000a0000-0x000bffff window]
[    3.137580] pci_bus 0000:00: root bus resource [mem 0x40000000-0xffdfffff window]
[    3.166417] pci_bus 0000:00: root bus resource [bus 00-ff]
[    3.212173] pci 0000:00:01.1: legacy IDE quirk: reg 0x10: [io  0x01f0-0x01f7]
[    3.246987] pci 0000:00:01.1: legacy IDE quirk: reg 0x14: [io  0x03f6]
[    3.253762] pci 0000:00:01.1: legacy IDE quirk: reg 0x18: [io  0x0170-0x0177]
[    3.256418] pci 0000:00:01.1: legacy IDE quirk: reg 0x1c: [io  0x0376]
[    3.282454] pci 0000:00:07.0: quirk: [io  0x4000-0x403f] claimed by PIIX4 ACPI
[    3.375238] pci 0000:00:07.0: quirk: [io  0x4100-0x410f] claimed by PIIX4 SMB
[    3.443637] ACPI: PCI Interrupt Link [LNKA] (IRQs 5 9 10 *11)
[    3.454221] ACPI: PCI Interrupt Link [LNKB] (IRQs 5 9 10 *11)
[    3.506540] ACPI: PCI Interrupt Link [LNKC] (IRQs 5 9 *10 11)
[    3.551604] ACPI: PCI Interrupt Link [LNKD] (IRQs 5 *9 10 11)
[    3.605316] ACPI: Enabled 2 GPEs in block 00 to 07
[    3.644598] vgaarb: setting as boot device: PCI:0000:00:02.0
[    3.693046] vgaarb: device added: PCI:0000:00:02.0,decodes=io+mem,owns=io+mem,locks=none
[    3.768994] vgaarb: loaded
[    3.787493] vgaarb: bridge control possible 0000:00:02.0
[    3.818121] SCSI subsystem initialized
[    3.820400] ACPI: bus type USB registered
[    3.823913] usbcore: registered new interface driver usbfs
[    3.863931] usbcore: registered new interface driver hub
[    3.915729] usbcore: registered new device driver usb
[    3.954951] PCI: Using ACPI for IRQ routing
[    3.993225] NetLabel: Initializing
[    4.026777] NetLabel:  domain hash size = 128
[    4.055609] NetLabel:  protocols = UNLABELED CIPSOv4
[    4.058215] NetLabel:  unlabeled traffic allowed by default
[    4.061246] amd_nb: Cannot enumerate AMD northbridges
[    4.070172] clocksource: Switched to clocksource kvm-clock
[    4.143057] AppArmor: AppArmor Filesystem Enabled
[    4.150328] pnp: PnP ACPI init
[    4.154627] pnp: PnP ACPI: found 3 devices
[    4.170851] clocksource: acpi_pm: mask: 0xffffff max_cycles: 0xffffff, max_idle_ns: 2085701024 ns
[    4.185785] NET: Registered protocol family 2
[    4.188043] TCP established hash table entries: 8192 (order: 4, 65536 bytes)
[    4.192740] TCP bind hash table entries: 8192 (order: 5, 131072 bytes)
[    4.195956] TCP: Hash tables configured (established 8192 bind 8192)
[    4.271143] UDP hash table entries: 512 (order: 2, 16384 bytes)
[    4.393158] UDP-Lite hash table entries: 512 (order: 2, 16384 bytes)
[    4.523246] NET: Registered protocol family 1
[    4.572644] pci 0000:00:00.0: Limiting direct PCI/PCI transfers
[    4.589617] pci 0000:00:01.0: Activating ISA DMA hang workarounds
[    4.618959] Unpacking initramfs...
[    5.127678] Freeing initrd memory: 15372K
[    5.131475] RAPL PMU detected, API unit is 2^-32 Joules, 4 fixed counters 10737418240 ms ovfl timer
[    5.139827] hw unit of domain pp0-core 2^-0 Joules
[    5.142686] hw unit of domain package 2^-0 Joules
[    5.156899] hw unit of domain dram 2^-0 Joules
[    5.163159] hw unit of domain pp1-gpu 2^-0 Joules
[    5.169679] platform rtc_cmos: registered platform RTC device (no PNP device found)
[    5.175884] Scanning for low memory corruption every 60 seconds
[    5.180533] audit: initializing netlink subsys (disabled)
[    5.186055] audit: type=2000 audit(1546962596.732:1): initialized
[    5.190036] Initialise system trusted keyring
[    5.194208] HugeTLB registered 2 MB page size, pre-allocated 0 pages
[    5.213384] zbud: loaded
[    5.219641] VFS: Disk quotas dquot_6.6.0
[    5.222094] VFS: Dquot-cache hash table entries: 512 (order 0, 4096 bytes)
[    5.226393] squashfs: version 4.0 (2009/01/31) Phillip Lougher
[    5.233275] fuse init (API version 7.23)
[    5.235802] Key type big_key registered
[    5.237948] Allocating IMA MOK and blacklist keyrings.
[    5.244084] Key type asymmetric registered
[    5.254833] Asymmetric key parser 'x509' registered
[    5.278349] Block layer SCSI generic (bsg) driver version 0.4 loaded (major 249)
[    5.307832] io scheduler noop registered
[    5.316831] io scheduler deadline registered (default)
[    5.321703] io scheduler cfq registered
[    5.324490] pci_hotplug: PCI Hot Plug PCI Core version: 0.5
[    5.332719] pciehp: PCI Express Hot Plug Controller Driver version: 0.4
[    5.348576] ACPI: AC Adapter [AC] (on-line)
[    5.358759] input: Power Button as /devices/LNXSYSTM:00/LNXPWRBN:00/input/input0
[    5.369113] ACPI: Power Button [PWRF]
[    5.378424] input: Sleep Button as /devices/LNXSYSTM:00/LNXSLPBN:00/input/input1
[    5.411903] ACPI: Sleep Button [SLPF]
[    5.414705] GHES: HEST is not enabled!
[    5.416427] ACPI: Battery Slot [BAT0] (battery present)
[    5.420323] Serial: 8250/16550 driver, 32 ports, IRQ sharing enabled
[    5.447059] 00:02: ttyS0 at I/O 0x3f8 (irq = 4, base_baud = 115200) is a 16550A
[    5.476144] Linux agpgart interface v0.103
[    5.560518] loop: module loaded
[    5.592977] scsi host0: ata_piix
[    5.671320] scsi host1: ata_piix
[    5.722759] ata1: PATA max UDMA/33 cmd 0x1f0 ctl 0x3f6 bmdma 0xd000 irq 14
[    5.729248] ata2: PATA max UDMA/33 cmd 0x170 ctl 0x376 bmdma 0xd008 irq 15
[    5.761349] libphy: Fixed MDIO Bus: probed
[    5.771907] tun: Universal TUN/TAP device driver, 1.6
[    5.846830] tun: (C) 1999-2004 Max Krasnyansky <maxk@qualcomm.com>
[    5.953566] PPP generic driver version 2.4.2
[    5.977833] ehci_hcd: USB 2.0 'Enhanced' Host Controller (EHCI) Driver
[    6.001340] ehci-pci: EHCI PCI platform driver
[    6.007238] ehci-platform: EHCI generic platform driver
[    6.034462] ohci_hcd: USB 1.1 'Open' Host Controller (OHCI) Driver
[    6.037705] ohci-pci: OHCI PCI platform driver
[    6.056684] ohci-platform: OHCI generic platform driver
[    6.059579] uhci_hcd: USB Universal Host Controller Interface driver
[    6.105178] i8042: PNP: PS/2 Controller [PNP0303:PS2K,PNP0f03:PS2M] at 0x60,0x64 irq 1,12
[    6.143060] serio: i8042 KBD port at 0x60,0x64 irq 1
[    6.161149] serio: i8042 AUX port at 0x60,0x64 irq 12
[    6.164649] mousedev: PS/2 mouse device common for all mice
[    6.166989] tsc: Refined TSC clocksource calibration: 2594.167 MHz
[    6.166993] clocksource: tsc: mask: 0xffffffffffffffff max_cycles: 0x2564b602eb0, max_idle_ns: 440795235242 ns
[    6.178571] input: AT Translated Set 2 keyboard as /devices/platform/i8042/serio0/input/input2
[    6.189775] rtc_cmos rtc_cmos: rtc core: registered rtc_cmos as rtc0
[    6.192924] rtc_cmos rtc_cmos: alarms up to one day, 114 bytes nvram
[    6.200051] i2c /dev entries driver
[    6.201915] device-mapper: uevent: version 1.0.3
[    6.204215] device-mapper: ioctl: 4.34.0-ioctl (2015-10-28) initialised: dm-devel@redhat.com
[    6.208747] ledtrig-cpu: registered to indicate activity on CPUs
[    6.214969] NET: Registered protocol family 10
[    6.219559] NET: Registered protocol family 17
[    6.223620] Key type dns_resolver registered
[    6.228534] registered taskstats version 1
[    6.234220] Loading compiled-in X.509 certificates
[    6.239920] Loaded X.509 cert 'Build time autogenerated kernel key: 7c9fb337b82e5a343493fe891c556beae1895c7c'
[    6.254171] zswap: loaded using pool lzo/zbud
[    6.260079] Key type trusted registered
[    6.271942] Key type encrypted registered
[    6.275117] AppArmor: AppArmor sha1 policy hashing enabled
[    6.280856] ima: No TPM chip found, activating TPM-bypass!
[    6.284395] ima: Allocated hash algorithm: sha1
[    6.288523] evm: HMAC attrs: 0x1
[    6.292165]   Magic number: 3:946:840
[    6.294033] rtc_cmos rtc_cmos: setting system clock to 2019-01-08 15:49:54 UTC (1546962594)
[    6.301003] BIOS EDD facility v0.16 2004-Jun-25, 0 devices found
[    6.303391] EDD information not available.
[    6.310773] Freeing unused kernel memory: 1528K
[    6.322217] Write protecting the kernel read-only data: 14336k
[    6.325903] Freeing unused kernel memory: 1660K
[    6.328479] Freeing unused kernel memory: 88K
Loading, please wait...
starting version 229
[    6.359609] random: systemd-udevd: uninitialized urandom read (16 bytes read, 3 bits of entropy available)
[    6.361163] random: udevadm: uninitialized urandom read (16 bytes read, 3 bits of entropy available)
[    6.361243] random: udevadm: uninitialized urandom read (16 bytes read, 3 bits of entropy available)
[    6.384594] random: udevadm: uninitialized urandom read (16 bytes read, 3 bits of entropy available)
[    6.384699] random: udevadm: uninitialized urandom read (16 bytes read, 3 bits of entropy available)
[    6.385020] random: udevadm: uninitialized urandom read (16 bytes read, 3 bits of entropy available)
[    6.385141] random: udevadm: uninitialized urandom read (16 bytes read, 3 bits of entropy available)
[    6.385260] random: udevadm: uninitialized urandom read (16 bytes read, 3 bits of entropy available)
[    6.385380] random: udevadm: uninitialized urandom read (16 bytes read, 3 bits of entropy available)
[    6.385497] random: udevadm: uninitialized urandom read (16 bytes read, 3 bits of entropy available)
[    6.528904] e1000: Intel(R) PRO/1000 Network Driver - version 7.3.21-k8-NAPI
[    6.543022] e1000: Copyright (c) 1999-2006 Intel Corporation.
[    6.560565] Fusion MPT base driver 3.04.20
[    6.563011] Copyright (c) 1999-2008 LSI Corporation
[    6.593102] Fusion MPT SPI Host driver 3.04.20
[    6.630359] AVX version of gcm_enc/dec engaged.
[    6.659299] AES CTR mode by8 optimization enabled
[    6.784832] input: ImExPS/2 Generic Explorer Mouse as /devices/platform/i8042/serio1/input/input4
[    7.040630] e1000 0000:00:03.0 eth0: (PCI:33MHz:32-bit) 02:38:b8:f5:60:7e
[    7.087018] e1000 0000:00:03.0 eth0: Intel(R) PRO/1000 Network Connection
[    7.121272] mptbase: ioc0: Initiating bringup
[    7.194912] ioc0: LSI53C1030 A0: Capabilities={Initiator}
[    7.421608] scsi host2: ioc0: LSI53C1030 A0, FwRev=00000000h, Ports=1, MaxQ=256, IRQ=20
[    7.548394] scsi 2:0:0:0: Direct-Access     VBOX     HARDDISK         1.0  PQ: 0 ANSI: 5
[    7.572220] scsi target2:0:0: Beginning Domain Validation
[    7.578599] scsi target2:0:0: Domain Validation skipping write tests
[    7.584789] scsi target2:0:0: Ending Domain Validation
[    7.594549] scsi target2:0:0: asynchronous
[    7.597599] scsi 2:0:1:0: Direct-Access     VBOX     HARDDISK         1.0  PQ: 0 ANSI: 5
[    7.638440] scsi target2:0:1: Beginning Domain Validation
[    7.655502] scsi target2:0:1: Domain Validation skipping write tests
[    7.660899] scsi target2:0:1: Ending Domain Validation
[    7.664894] scsi target2:0:1: asynchronous
[    7.696381] sd 2:0:0:0: Attached scsi generic sg0 type 0
[    7.707342] sd 2:0:0:0: [sda] 20971520 512-byte logical blocks: (10.7 GB/10.0 GiB)
[    7.712285] sd 2:0:0:0: [sda] Write Protect is off
[    7.715262] sd 2:0:0:0: [sda] Incomplete mode parameter data
[    7.718179] sd 2:0:0:0: [sda] Assuming drive cache: write through
[    7.724488] sd 2:0:1:0: Attached scsi generic sg1 type 0
[    7.727337] sd 2:0:1:0: [sdb] 20480 512-byte logical blocks: (10.5 MB/10.0 MiB)
[    7.733543] sd 2:0:1:0: [sdb] Write Protect is off
[    7.736535] sd 2:0:1:0: [sdb] Incomplete mode parameter data
[    7.739137] sd 2:0:1:0: [sdb] Assuming drive cache: write through
[    7.751446]  sda: sda1
[    7.754436] sd 2:0:0:0: [sda] Attached SCSI disk
[    7.764581] sd 2:0:1:0: [sdb] Attached SCSI disk
[    8.088792] e1000 0000:00:08.0 eth1: (PCI:33MHz:32-bit) 08:00:27:a7:30:79
[    8.112331] e1000 0000:00:08.0 eth1: Intel(R) PRO/1000 Network Connection
[    8.117540] e1000 0000:00:03.0 enp0s3: renamed from eth0
[    8.148036] e1000 0000:00:08.0 enp0s8: renamed from eth1
Begin: Loading essential drivers ... [   10.208344] md: linear personality registered for level -1
[   10.217355] md: multipath personality registered for level -4
[   10.227877] md: raid0 personality registered for level 0
[   10.255159] md: raid1 personality registered for level 1
[   10.350870] raid6: sse2x1   gen()  2381 MB/s
[   10.422627] raid6: sse2x1   xor()  1190 MB/s
[   10.490286] raid6: sse2x2   gen()  3514 MB/s
[   10.558787] raid6: sse2x2   xor()  2459 MB/s
[   10.654371] raid6: sse2x4   gen()  5831 MB/s
[   10.722360] raid6: sse2x4   xor()  2751 MB/s
[   10.727077] raid6: using algorithm sse2x4 gen() 5831 MB/s
[   10.729860] raid6: .... xor() 2751 MB/s, rmw enabled
[   10.733125] raid6: using ssse3x2 recovery algorithm
[   10.744059] xor: automatically using best checksumming function:
[   10.786281]    avx       : 16443.000 MB/sec
[   10.794029] async_tx: api initialized (async)
[   10.808870] md: raid6 personality registered for level 6
[   10.814174] md: raid5 personality registered for level 5
[   10.821611] md: raid4 personality registered for level 4
[   10.834303] md: raid10 personality registered for level 10
done.
Begin: Running /scripts/init-premount ... done.
Begin: Mounting root file system ... Begin: Running /scripts/local-top ... done.
Begin: Running /scripts/local-premount ... [   10.904239] Btrfs loaded
Scanning for Btrfs filesystems
done.
Warning: fsck not present, so sk[   11.090538] EXT4-fs (sda1): INFO: recovery required on readonly filesystem
ipping root file system
[   11.106759] EXT4-fs (sda1): write access will be enabled during recovery
[   11.358340] EXT4-fs (sda1): recovery complete
[   11.417514] EXT4-fs (sda1): mounted filesystem with ordered data mode. Opts: (null)
done.
Begin: Running /scripts/local-bottom ... done.
Begin: Running /scripts/init-bottom ... done.
[   12.082737] random: nonblocking pool is initialized
[   13.079383] systemd[1]: systemd 229 running in system mode. (+PAM +AUDIT +SELINUX +IMA +APPARMOR +SMACK +SYSVINIT +UTMP +LIBCRYPTSETUP +GCRYPT +GNUTLS +ACL +XZ -LZ4 +SECCOMP +BLKID +ELFUTILS +KMOD -IDN)
[   13.210264] systemd[1]: Detected virtualization oracle.
[   13.279164] systemd[1]: Detected architecture x86-64.

Welcome to [1mUbuntu 16.04.5 LTS[0m!

[   13.363428] systemd[1]: Set hostname to <ubuntu-xenial>.
[   15.945340] systemd[1]: Reached target Encrypted Volumes.
[[0;32m  OK  [0m] Reached target Encrypted Volumes.
[   16.002447] systemd[1]: Created slice User and Session Slice.
[[0;32m  OK  [0m] Created slice User and Session Slice.
[   16.087021] systemd[1]: Set up automount Arbitrary Executable File Formats File System Automount Point.
[[0;32m  OK  [0m] Set up automount Arbitrary Executab...ats File System Automount Point.
[   16.185244] systemd[1]: Listening on udev Kernel Socket.
[[0;32m  OK  [0m] Listening on udev Kernel Socket.
[   16.294789] systemd[1]: Listening on Syslog Socket.
[[0;32m  OK  [0m] Listening on Syslog Socket.
[   16.386363] systemd[1]: Listening on Journal Socket.
[[0;32m  OK  [0m] Listening on Journal Socket.
[   16.435929] systemd[1]: Listening on Journal Socket (/dev/log).
[[0;32m  OK  [0m] Listening on Journal Socket (/dev/log).
[   16.507596] systemd[1]: Listening on LVM2 metadata daemon socket.
[[0;32m  OK  [0m] Listening on LVM2 metadata daemon socket.
[   16.567893] systemd[1]: Reached target Swap.
[[0;32m  OK  [0m] Reached target Swap.
[   16.622800] systemd[1]: Listening on udev Control Socket.
[[0;32m  OK  [0m] Listening on udev Control Socket.
[   16.702807] systemd[1]: Reached target System Time Synchronized.
[[0;32m  OK  [0m] Reached target System Time Synchronized.
[   16.751699] systemd[1]: Listening on LVM2 poll daemon socket.
[[0;32m  OK  [0m] Listening on LVM2 poll daemon socket.
[   16.790231] systemd[1]: Created slice System Slice.
[[0;32m  OK  [0m] Created slice System Slice.
[   16.796329] systemd[1]: Created slice system-serial\x2dgetty.slice.
[[0;32m  OK  [0m] Created slice system-serial\x2dgetty.slice.
[   16.818677] systemd[1]: Mounting Debug File System...
         Mounting Debug File System...
[   16.974999] systemd[1]: Starting Load Kernel Modules...
         Starting Load Kernel Modules...
[   17.015996] systemd[1]: Starting Remount Root and Kernel File Systems...
         Starting Remount Root and Kernel File Systems...
[   17.076713] systemd[1]: Created slice system-postgresql.slice.
[[0;32m  OK  [0m] Created slice system-postgresql.slice.
[   17.131370] systemd[1]: Starting Uncomplicated firewall...
         Starting Uncomplicated firewall...
[   17.188014] EXT4-fs (sda1): re-mounted. Opts: (null)
[   17.208104] systemd[1]: Starting Nameserver information manager...
         Starting Nameserver information manager...
[   17.255216] Loading iSCSI transport class v2.0-870.
[   17.282544] systemd[1]: Mounting POSIX Message Queue File System...
         Mounting POSIX Message Queue File System...
[   17.319948] systemd[1]: Starting Create list of required static devie nodes for the current kernel...
         Starting Create [   17.432698] iscsi: registered transport (tcp)
list of required st... nodes for the current kernel...
[   17.475131] systemd[1]: Reached target Slices.
[[0;32m  OK  [0m] Reached target Slices.
[   17.518453] systemd[1]: Mounting Huge Pages File System...
         Mounting Huge Pages File System...
[   17.527650] systemd[1]: Starting Set console keymap...
         Starting Set console keymap...
[   17.567171] systemd[1]: Started Forward Password Requests to Wall Directory Watch.
[[0;32m  OK  [0m] Started Forward Password Requests to Wall Directory Watch.
[   17.663704] systemd[1]: Listening on Journal Audit Socket.
[[0;32m  OK  [0m] Listening on [   17.740014] iscsi: registered transport (iser)
Journal Audit Socket.
[   17.795272] systemd[1]: Starting Journal Service...
         Starting Journal Service...
[   17.906345] systemd[1]: Reached target User and Group Name Lookups.
[[0;32m  OK  [0m] Reached target User and Group Name Lookups.
[   17.946761] systemd[1]: Listening on /dev/initctl Compatibility Named Pipe.
[[0;32m  OK  [0m] Listening on /dev/initctl Compatibility Named Pipe.
[   17.987308] systemd[1]: Started Trigger resolvconf update for networkd DNS.
[[0;32m  OK  [0m] Started Trigger resolvconf update for networkd DNS.
[   18.031591] systemd[1]: Listening on Device-mapper event daemon FIFOs.
[[0;32m  OK  [0m] Listening on Device-mapper event daemon FIFOs.
[   18.070936] systemd[1]: Starting Monitoring of LVM2 mirrors, snapshots etc. using dmeventd or progress polling...
         Starting Monitoring of LVM2 mirrors... dmeventd or progress polling...
[   18.109875] systemd[1]: Mounted Debug File System.
[[0;32m  OK  [0m] Mounted Debug File System.
[   18.115626] systemd[1]: Mounted POSIX Message Queue File System.
[[0;32m  OK  [0m] Mounted POSIX Message Queue File System.
[   18.121498] systemd[1]: Mounted Huge Pages File System.
[[0;32m  OK  [0m] Mounted Huge Pages File System.
[   18.126279] systemd[1]: Started Journal Service.
[[0;32m  OK  [0m] Started Journal Service.
[[0;32m  OK  [0m] Started Load Kernel Modules.
[[0;32m  OK  [0m] Started Remount Root and Kernel File Systems.
[[0;32m  OK  [0m] Started Uncomplicated firewall.
[[0;32m  OK  [0m] Started Create list of required sta...ce nodes for the current kernel.
[[0;32m  OK  [0m] Started Set console keymap.
[[0;32m  OK  [0m] Started Nameserver information manager.
[[0;32m  OK  [0m] Started LVM2 metadata daemon.
         Starting Create Static Device Nodes in /dev...
         Starting Load/Save Random Seed...
         Starting udev Coldplug all Devices...
         Starting Apply Kernel Variables...
         Mounting FUSE Control File System...
         Starting Flush Journal to Persistent Storage...
[[0;32m  OK  [0m] Mounted FUSE Control File System.
[[0;32m  OK  [0m] Started Load/Save Random Seed.
[[0;32m  OK  [0m] Started Monitoring of LVM2 mirrors,...ng dmeventd or progress polling.
[[0;32m  OK  [0m] Started Apply Kernel Variables.
[[0;32m  OK  [0m] Started udev Coldplug all Devices.
[[0;32m  OK  [0m] Started Flush Journal to Persistent Storage.
[[0;32m  OK  [0m] Started Create Static Device Nodes in /dev.
[[0;32m  OK  [0m] Reached target Local File Systems (Pre).
[[0;32m  OK  [0m] Reached target Local File Systems.
         Starting Set console font and keymap...
         Starting Initial cloud-init job (pre-networking)...
         Starting Tell Plymouth To Write Out Runtime Data...
         Starting LSB: AppArmor initialization...
         Starting Create Volatile Files and Directories...
         Starting udev Kernel Device Manager...
[[0;32m  OK  [0m] Started Tell Plymouth To Write Out Runtime Data.
[[0;32m  OK  [0m] Started Create Volatile Files and Directories.
         Starting Update UTMP about System Boot/Shutdown...
[[0;32m  OK  [0m] Started Update UTMP about System Boot/Shutdown.
[[0;32m  OK  [0m] Started Set console font and keymap.
[[0;32m  OK  [0m] Created slice system-getty.slice.
[[0;32m  OK  [0m] Started udev Kernel Device Manager.
[[0;32m  OK  [0m] Started Dispatch Password Requests to Console Directory Watch.
[[0;32m  OK  [0m] Found device /dev/ttyS0.
[[0;32m  OK  [0m] Listening on Load/Save RF Kill Switch Status /dev/rfkill Watch.
[[0;32m  OK  [0m] Started LSB: AppArmor initialization.
[[0;32m  OK  [0m] Found device 82540EM Gigabit Ethern...r (PRO/1000 MT Desktop Adapter).
[   27.295090] cloud-init[483]: Cloud-init v. 18.4-0ubuntu1~16.04.2 running 'init-local' at Tue, 08 Jan 2019 15:50:17 +0000. Up 26.18 seconds.
[[0;32m  OK  [0m] Started Initial cloud-init job (pre-networking).
[[0;32m  OK  [0m] Reached target Network (Pre).
         Starting Raise network interfaces...
[[0;32m  OK  [0m] Started ifup for enp0s3.
[[0;32m  OK  [0m] Started ifup for enp0s8.
[[0;32m  OK  [0m] Started Raise network interfaces.
         Starting Initial cloud-init job (metadata service crawler)...
[[0;32m  OK  [0m] Reached target Network.
[   30.259590] cloud-init[1071]: Cloud-init v. 18.4-0ubuntu1~16.04.2 running 'init' at Tue, 08 Jan 2019 15:50:20 +0000. Up 29.04 seconds.
[   30.269586] cloud-init[1071]: ci-info: ++++++++++++++++++++++++++++++++++++++Net device info+++++++++++++++++++++++++++++++++++++++
[   30.361751] cloud-init[1071]: ci-info: +--------+------+-----------------------------+---------------+--------+-------------------+
[   30.372544] cloud-init[1071]: ci-info: | Device |  Up  |           Address           |      Mask     | Scope  |     Hw-Address    |
[   30.373372] cloud-init[1071]: ci-info: +--------+------+-----------------------------+---------------+--------+-------------------+
[   30.373682] cloud-init[1071]: ci-info: | enp0s3 | True |          10.0.2.15          | 255.255.255.0 | global | 02:38:b8:f5:60:7e |
[   30.373930] cloud-init[1071]: ci-info: | enp0s3 | True |  fe80::38:b8ff:fef5:607e/64 |       .       |  link  | 02:38:b8:f5:60:7e |
[   30.374228] cloud-init[1071]: ci-info: | enp0s8 | True |         192.168.1.30        | 255.255.255.0 | global | 08:00:27:a7:30:79 |
[   30.374571] cloud-init[1071]: ci-info: | enp0s8 | True | fe80::a00:27ff:fea7:3079/64 |       .       |  link  | 08:00:27:a7:30:79 |
[   30.374886] cloud-init[1071]: ci-info: |   lo   | True |          127.0.0.1          |   255.0.0.0   |  host  |         .         |
[   30.375235] cloud-init[1071]: ci-info: |   lo   | True |           ::1/128           |       .       |  host  |         .         |
[   30.375577] cloud-init[1071]: ci-info: +--------+------+-----------------------------+---------------+--------+-------------------+
[   30.375899] cloud-init[1071]: ci-info: +++++++++++++++++++++++++++Route IPv4 info++++++++++++++++++++++++++++
[[0;32m  OK  [0m] Started Initial cloud-init job (metadata service crawler).
[   30.385074] cloud-init[1071]: ci-info: +-------+-------------+----------+---------------+-----------+-------+
[   30.474376] cloud-init[1071]: ci-info: | Route | Destination | Gateway  |    Genmask    | Interface | Flags |
[[0;32m  OK  [0m] Reached target Network is Online.
[   30.474624] cloud-init[1071]: ci-info: +-------+-------------+----------+---------------+-----------+-------+
[   30.508333] cloud-init[1071]: ci-info: |   0   |   0.0.0.0   | 10.0.2.2 |    0.0.0.0    |   enp0s3  |   UG  |
[   30.530210] cloud-init[1071]: ci-info: |   1   |   10.0.2.0  | 0.0.0.0  | 255.255.255.0 |   enp0s3  |   U   |
[   30.530978] cloud-init[1071]: ci-info: |   2   | 192.168.1.0 | 0.0.0.0  | 255.255.255.0 |   enp0s8  |   U   |
[   30.531421] cloud-init[1071]: ci-info: +-------+-------------+----------+---------------+-----------+-------+
         Starting iSCSI initiator daemon (iscsid)...
[   30.531727] cloud-init[1071]: ci-info: +++++++++++++++++++Route IPv6 info+++++++++++++++++++
[   30.577189] cloud-init[1071]: ci-info: +-------+-------------+---------+-----------+-------+
[[0;32m  OK  [0m] Reached target System Initialization.
[   30.577909] cloud-init[1071]: ci-info: | Route | Destination | Gateway | Interface | Flags |
[   30.632690] cloud-init[1071]: ci-info: +-------+-------------+---------+-----------+-------+
[   30.633072] cloud-init[1071]: ci-info: |   0   |  fe80::/64  |    ::   |   enp0s8  |   U   |
[   30.633455] cloud-init[1071]: ci-info: |   1   |  fe80::/64  |    ::   |   enp0s3  |   U   |
[   30.633881] cloud-init[1071]: ci-info: |   4   |   ff00::/8  |    ::   |   enp0s8  |   U   |
[   30.634271] cloud-init[1071]: ci-info: |   5   |   ff00::/8  |    ::   |   enp0s3  |   U   |
[   30.634680] cloud-init[1071]: ci-info: +-------+-------------+---------+-----------+-------+
[[0;32m  OK  [0m] Listening on D-Bus System Message Bus Socket.
         Starting LXD - unix socket.
         Starting Socket activation for snappy daemon.
[[0;32m  OK  [0m] Listening on ACPID Listen Socket.
[[0;32m  OK  [0m] Listening on UUID daemon activation socket.
[[0;32m  OK  [0m] Started ACPI Events Check.
[[0;32m  OK  [0m] Reached target Paths.
[[0;32m  OK  [0m] Started Daily apt download activities.
[[0;32m  OK  [0m] Started Daily apt upgrade and clean activities.
[[0;32m  OK  [0m] Started Daily Cleanup of Temporary Directories.
[[0;32m  OK  [0m] Reached target Timers.
[[0;32m  OK  [0m] Reached target Cloud-config availability.
[[0;32m  OK  [0m] Listening on LXD - unix socket.
[[0;32m  OK  [0m] Listening on Socket activation for snappy daemon.
[[0;32m  OK  [0m] Reached target Sockets.
[[0;32m  OK  [0m] Reached target Basic System.
         Starting LSB: Record successful boot for GRUB...
[[0;32m  OK  [0m] Started Deferred execution scheduler.
         Starting /etc/rc.local Compatibility...
         Starting System Logging Service...
         Starting OpenBSD Secure Shell server...
         Starting Login Service...
         Starting Snappy daemon...
         Starting Virtualbox guest utils...
         Starting PostgreSQL Cluster 9.5-main...
[[0;32m  OK  [0m] Started Regular background program processing daemon.
         Starting Advanced key-value store...
[[0;32m  OK  [0m] Started FUSE filesystem for LXC.
[[0;32m  OK  [0m] Started D-Bus System Message Bus.
[[0;32m  OK  [0m] Started Unattended Upgrades Shutdown.
[[0;32m  OK  [0m] Started ACPI event daemon.
         Starting LSB: MD monitoring daemon...
         Starting Accounts Service...
         Starting LXD - container startup/shutdown...
[[0;32m  OK  [0m] Started System Logging Service.
[[0;32m  OK  [0m] Started iSCSI initiator daemon (iscsid).
[[0;32m  OK  [0m] Started /etc/rc.local Compatibility.
[[0;32m  OK  [0m] Started OpenBSD Secure Shell server.
         Starting Login to default iSCSI targets...
[[0;32m  OK  [0m] Started Login Service.
[[0;32m  OK  [0m] Started LSB: Record successful boot for GRUB.
[[0;32m  OK  [0m] Started LSB: MD monitoring daemon.
[[0;32m  OK  [0m] Started Login to default iSCSI targets.
[[0;32m  OK  [0m] Reached target Remote File Systems (Pre).
[[0;32m  OK  [0m] Reached target Remote File Systems.
         Starting LSB: automatic crash report generation...
         Starting Permit User Sessions...
         Starting LSB: Start/stop sysstat's sadc...
         Starting LSB: daemon to balance interrupts for SMP systems...
         Starting LSB: Set the CPU Frequency Scaling governor to "ondemand"...
[[0;32m  OK  [0m] Started Virtualbox guest utils.
[[0;32m  OK  [0m] Started Advanced key-value store.
[[0;32m  OK  [0m] Started Permit User Sessions.
[[0;32m  OK  [0m] Started LSB: Start/stop sysstat's sadc.
         Starting Terminate Plymouth Boot Screen...
         Starting Hold until boot process finishes up...
[[0;32m  OK  [0m] Started LSB: Set the CPU Frequency Scaling governor to "ondemand".
[[0;32m  OK  [0m] Started Terminate Plymouth Boot Screen.
[[0;32m  OK  [0m] Started LSB: daemon to balance interrupts for SMP systems.
[[0;32m  OK  [0m] Started Hold until boot process finishes up.
         Starting Set console scheme...
[[0;32m  OK  [0m] Started Serial Getty on ttyS0.
[[0;32m  OK  [0m] Started Getty on tty1.
[[0;32m  OK  [0m] Reached target Login Prompts.
[[0;32m  OK  [0m] Started Set console scheme.
[[0;32m  OK  [0m] Started LSB: automatic crash report generation.
[[0;32m  OK  [0m] Created slice User Slice of vagrant.
         Starting User Manager for UID 1000...
[[0;32m  OK  [0m] Started Session 1 of user vagrant.
         Starting Authenticate and Authorize Users to Run Privileged Tasks...
[[0;32m  OK  [0m] Started User Manager for UID 1000.
[[0;32m  OK  [0m] Started Authenticate and Authorize Users to Run Privileged Tasks.
[[0;32m  OK  [0m] Started Accounts Service.
[[0;32m  OK  [0m] Started Snappy daemon.
         Starting Wait until snapd is fully seeded...
[[0;32m  OK  [0m] Started LXD - container startup/shutdown.

Ubuntu 16.04.5 LTS ubuntu-xenial ttyS0

ubuntu-xenial login: [   47.177216] cloud-init[1415]: Cloud-init v. 18.4-0ubuntu1~16.04.2 running 'modules:config' at Tue, 08 Jan 2019 15:50:37 +0000. Up 46.37 seconds.
[   57.255481] cloud-init[1683]: Cloud-init v. 18.4-0ubuntu1~16.04.2 running 'modules:final' at Tue, 08 Jan 2019 15:50:47 +0000. Up 56.36 seconds.
[   57.256603] cloud-init[1683]: Cloud-init v. 18.4-0ubuntu1~16.04.2 finished at Tue, 08 Jan 2019 15:50:48 +0000. Datasource DataSourceNoCloud [seed=/dev/sdb][dsmode=net].  Up 57.24 seconds
         Stopping Session 40 of user vagrant.
         Stopping ACPI event daemon...
         Stopping Session 3 of user vagrant.
         Stopping Authenticate and Authorize Users to Run Privileged Tasks...
         Stopping Session 21 of user vagrant.
[[0;32m  OK  [0m] Stopped target Cloud-         Stopping LSB: automatic crash report generation...
         Stopping LSB: Record successful boot for GRUB...
         Stopping LSB: Set the CPU Frequency Scaling governor to "ondemand"...
         Stopping Advanced key-value store...
         Stopping Regular background program processing daemon...
         Stopping OpenBSD Secure Shell server...
         Stopping Unattended Upgrades Shutdown...
         Stopping LXD - container startup/shutdown...
         Stopping FUSE filesystem for LXC...
         Stopping System Logging Service...
[[0;32m  OK  [0m] Stopped PostgreSQL RDBMS.
         Stopping PostgreSQL Cluster 9.5-main...
         Stopping Deferred execution scheduler...
         Stopping Snappy daemon...
         Stopping LSB: Start/stop sysstat's sadc...
         Stopping D-Bus System Message Bus...
         Stopping LSB: daemon to balance interrupts for SMP systems...
         Stopping LSB: MD monitoring daemon...
[[0;32m  OK  [0m] Unmounted /var/lib/lxcfs.
[[0;32m  OK  [0m] Stopped Deferred execution scheduler.
[[0;32m  OK  [0m] Stopped System Logging Service.
[[0;32m  OK  [0m] Stopped Snappy daemon.
[[0;32m  OK  [0m] Stopped Regular background program processing daemon.
[[0;32m  OK  [0m] Stopped ACPI event daemon.
[[0;32m  OK  [0m] Stopped Accounts Service.
[[0;32m  OK  [0m] Stopped OpenBSD Secure Shell server.
[[0;32m  OK  [0m] Stopped Serial Getty on ttyS0.
[[0;32m  OK  [0m] Stopped Getty on tty1.
[[0;32m  OK  [0m] Stopped User Manager for UID 1000.
[[0;32m  OK  [0m] Stopped Authenticate and Authorize Users to Run Privileged Tasks.
[[0;32m  OK  [0m] Stopped Session 20 of user vagrant.
[[0;32m  OK  [0m] Stopped Session 21 of user vagrant.
[[0;32m  OK  [0m] Stopped Session 25 of user vagrant.
[[0;32m  OK  [0m] Stopped Session 24 of user vagrant.
[[0;32m  OK  [0m] Stopped Session 40 of user vagrant.
[[0;32m  OK  [0m] Stopped Session 3 of user vagrant.
[[0;32m  OK  [0m] Stopped Session 22 of user vagrant.
[[0;32m  OK  [0m] Stopped Session 46 of user vagrant.
[[0;32m  OK  [0m] Stopped Session 37 of user vagrant.
[[0;32m  OK  [0m] Stopped Session 27 of user vagrant.
[[0;32m  OK  [0m] Stopped Session 23 of user vagrant.
[[0;32m  OK  [0m] Stopped Unattended Upgrades Shutdown.
[[0;32m  OK  [0m] Stopped D-Bus System Message Bus.
[[0;32m  OK  [0m] Stopped FUSE filesystem for LXC.
[[0;32m  OK  [0m] Stopped Virtualbox guest utils.
[[0;32m  OK  [0m] Stopped LSB: automatic crash report generation.
[[0;32m  OK  [0m] Stopped LSB: Record successful boot for GRUB.
[[0;32m  OK  [0m] Stopped Advanced key-value store.
[[0;32m  OK  [0m] Stopped LSB: Set the CPU Frequency Scaling governor to "ondemand".
[[0;32m  OK  [0m] Stopped LXD - container startup/shutdown.
[[0;32m  OK  [0m] Stopped LSB: Start/stop sysstat's sadc.
[[0;32m  OK  [0m] Stopped LSB: daemon to balance interrupts for SMP systems.
[[0;32m  OK  [0m] Stopped LSB: MD monitoring daemon.
[[0;32m  OK  [0m] Removed slice User Slice of vagrant.
         Stopping Login Service...
[[0;32m  OK  [0m] Removed slice system-getty.slice.
         Stopping Permit User Sessions...
[[0;32m  OK  [0m] Stopped /etc/rc.local Compatibility.
[[0;32m  OK  [0m] Removed slice system-serial\x2dgetty.slice.
[[0;32m  OK  [0m] Stopped Permit User Sessions.
[[0;32m  OK  [0m] Stopped Login Service.
[[0;32m  OK  [0m] Stopped PostgreSQL Cluster 9.5-main.
[[0;32m  OK  [0m] Removed slice system-postgresql.slice.
[[0;32m  OK  [0m] Stopped target Basic System.
[[0;32m  OK  [0m] Stopped target Slices.
[[0;32m  OK  [0m] Removed slice User and Session Slice.
[[0;32m  OK  [0m] Stopped target Sockets.
[[0;32m  OK  [0m] Closed LXD - unix socket.
[[0;32m  OK  [0m] Closed UUID daemon activation socket.
[[0;32m  OK  [0m] Closed Socket activation for snappy daemon.
[[0;32m  OK  [0m] Closed ACPID Listen Socket.
[[0;32m  OK  [0m] Closed D-Bus System Message Bus Socket.
[[0;32m  OK  [0m] Closed Syslog Socket.
[[0;32m  OK  [0m] Stopped target Paths.
[[0;32m  OK  [0m] Stopped Forward Password Requests to Wall Directory Watch.
[[0;32m  OK  [0m] Stopped Dispatch Password Requests to Console Directory Watch.
[[0;32m  OK  [0m] Stopped ACPI Events Check.
[[0;32m  OK  [0m] Stopped target User and Group Name Lookups.
[[0;32m  OK  [0m] Stopped target Remote File Systems.
[[0;32m  OK  [0m] Stopped target Remote File Systems (Pre).
         Stopping Login to default iSCSI targets...
[[0;32m  OK  [0m] Stopped target System Initialization.
         Stopping Load/Save Random Seed...
[[0;32m  OK  [0m] Stopped target Encrypted Volumes.
[[0;32m  OK  [0m] Stopped target Swap.
[[0;32m  OK  [0m] Stopped Create Volatile Files and Directories.
[[0;32m  OK  [0m] Stopped Load/Save Random Seed.
[[0;32m  OK  [0m] Stopped Login to default iSCSI targets.
         Stopping iSCSI initiator daemon (iscsid)...
[[0;32m  OK  [0m] Stopped iSCSI initiator daemon (iscsid).
[[0;32m  OK  [0m] Stopped target Network is Online.
[[0;32m  OK  [0m] Stopped target Network.
[[0;32m  OK  [0m] Stopped Initial cloud-init job (metadata service crawler).
         Stopping Raise network interfaces...
[[0;32m  OK  [0m] Stopped Raise network interfaces.
[[0;32m  OK  [0m] Stopped target Network (Pre).
[[0;32m  OK  [0m] Stopped Initial cloud-init job (pre-networking).
[[0;32m  OK  [0m] Stopped target Local File Systems.
         Unmounting /run/user/1000...
         Unmounting /vagrant...
[[0;32m  OK  [0m] Stopped Apply Kernel Variables.
[[0;32m  OK  [0m] Stopped Load Kernel Modules.
[[0;32m  OK  [0m] Unmounted /run/user/1000.
[[0;32m  OK  [0m] Unmounted /vagrant.
[[0;32m  OK  [0m] Reached target Unmount All Filesystems.
[[0;32m  OK  [0m] Stopped target Local File Systems (Pre).
[[0;32m  OK  [0m] Stopped Remount Root and Kernel File Systems.
         Stopping Monitoring of LVM2 mirrors... dmeventd or progress polling...
[[0;32m  OK  [0m] Stopped Create Static Device Nodes in /dev.
[[0;32m  OK  [0m] Reached target Shutdown.
[17257.408758] reboot: Power down
